<?xml version="1.0" encoding="UTF-8"?>
<!-- Generated by org.testng.reporters.JUnitReportReporter -->
<testsuite hostname="T510" failures="0" tests="1" name="testy.CheckboxesTest" time="35.996" errors="0" timestamp="26 lis 2018 20:07:44 GMT" skipped="0">
  <testcase classname="testy.CheckboxesTest" name="checkboxesTest" time="35.996"/>
</testsuite> <!-- testy.CheckboxesTest -->
